0 (delta 0)	:- Starting (line 3612)
0.002 (delta 0.002)	:- Getting WPGMZA_OTHER_SETTINGS (line 3638)
0.004 (delta 0.002)	:- Enqueuing Google Maps (line 3641)
0.006 (delta 0.002)	:- Enqueuing dataTables (line 3648)
0.008 (delta 0.002)	:- Iterating over shortcode array (line 3681)
0.009 (delta 0.001)	:- Calling wpgmaps_return_markers for mashup IDs (line 3696)
0.357 (delta 0.348)	:- Calling wpgmaps_return_markers for mashup IDs (line 3696)
0.369 (delta 0.012)	:- Calling wpgmaps_return_markers for mashup IDs (line 3696)
0.48 (delta 0.111)	:- Calling wpgmaps_return_markers for mashup IDs (line 3696)
0.519 (delta 0.039)	:- Calling wpgmaps_return_markers for mashup IDs (line 3696)
0.565 (delta 0.046)	:- Calling wpgmaps_return_markers for mashup IDs (line 3696)
0.591 (delta 0.026)	:- Calling wpgmaps_return_markers for mashup IDs (line 3696)
0.614 (delta 0.023)	:- Calling wpgmaps_return_markers for mashup IDs (line 3696)
0.812 (delta 0.198)	:- Calling wpgmaps_return_markers for mashup IDs (line 3696)
0.819 (delta 0.007)	:- Calling wpgmaps_return_markers for mashup IDs (line 3696)
0.852 (delta 0.033)	:- Calling wpgmaps_return_markers for mashup IDs (line 3696)
0.905 (delta 0.053)	:- Calling wpgmaps_return_markers for mashup IDs (line 3696)
0.985 (delta 0.08)	:- Calling wpgmaps_return_markers for mashup IDs (line 3696)
0.993 (delta 0.008)	:- Calling wpgmaps_return_markers for mashup IDs (line 3696)
1.137 (delta 0.144)	:- Calling wpgmaps_return_markers for mashup IDs (line 3696)
1.167 (delta 0.03)	:- Calling wpgmaps_return_markers for mashup IDs (line 3696)
1.197 (delta 0.03)	:- Calling wpgmaps_return_markers for mashup IDs (line 3696)
1.286 (delta 0.089)	:- Calling wpgmaps_return_markers for mashup IDs (line 3696)
1.342 (delta 0.056)	:- Calling wpgmaps_return_markers for mashup IDs (line 3696)
1.602 (delta 0.26)	:- Calling wpgmaps_return_markers for mashup IDs (line 3696)
1.627 (delta 0.025)	:- Calling wpgmaps_return_markers for mashup IDs (line 3696)
1.635 (delta 0.008)	:- Calling wpgmaps_return_markers for mashup IDs (line 3696)
1.85 (delta 0.215)	:- Calling wpgmaps_return_markers for mashup IDs (line 3696)
1.86 (delta 0.01)	:- Calling wpgmaps_return_markers for mashup IDs (line 3696)
1.879 (delta 0.019)	:- Calling wpgmaps_return_markers for mashup IDs (line 3696)
1.889 (delta 0.01)	:- Calling wpgmaps_return_markers for mashup IDs (line 3696)
1.966 (delta 0.077)	:- Calling wpgmaps_return_markers for mashup IDs (line 3696)
1.992 (delta 0.026)	:- Calling wpgmaps_return_markers for mashup IDs (line 3696)
2.004 (delta 0.012)	:- Calling wpgmaps_return_markers for mashup IDs (line 3696)
2.016 (delta 0.012)	:- Calling wpgmaps_return_markers for mashup IDs (line 3696)
2.024 (delta 0.008)	:- Calling wpgmaps_return_markers for mashup IDs (line 3696)
2.144 (delta 0.12)	:- Calling wpgmaps_return_markers for mashup IDs (line 3696)
2.358 (delta 0.214)	:- Calling wpgmaps_return_markers for mashup IDs (line 3696)
2.376 (delta 0.018)	:- Calling wpgmaps_return_markers for mashup IDs (line 3696)
2.444 (delta 0.068)	:- Calling wpgmaps_return_markers for mashup IDs (line 3696)
2.568 (delta 0.124)	:- Calling wpgmaps_return_markers for mashup IDs (line 3696)
2.726 (delta 0.158)	:- Calling wpgmaps_return_markers for mashup IDs (line 3696)
2.742 (delta 0.016)	:- Calling wpgmaps_return_markers for mashup IDs (line 3696)
2.75 (delta 0.008)	:- Calling wpgmaps_return_markers for mashup IDs (line 3696)
2.799 (delta 0.049)	:- Calling wpgmaps_return_markers for mashup IDs (line 3696)
2.807 (delta 0.008)	:- Calling wpgmaps_return_markers for mashup IDs (line 3696)
2.819 (delta 0.012)	:- Calling wpgmaps_return_markers for mashup IDs (line 3696)
2.841 (delta 0.022)	:- Calling wpgmaps_return_markers for mashup IDs (line 3696)
2.864 (delta 0.023)	:- Calling wpgmaps_return_markers for mashup IDs (line 3696)
2.976 (delta 0.112)	:- Calling wpgmaps_return_markers for mashup IDs (line 3696)
2.984 (delta 0.008)	:- Calling wpgmaps_return_markers for mashup IDs (line 3696)
3.058 (delta 0.074)	:- Calling wpgmaps_return_markers for mashup IDs (line 3696)
3.066 (delta 0.008)	:- Calling wpgmaps_return_markers for mashup IDs (line 3696)
3.076 (delta 0.01)	:- Calling wpgmaps_return_markers for mashup IDs (line 3696)
3.196 (delta 0.12)	:- Calling wpgmaps_return_markers for mashup IDs (line 3696)
3.244 (delta 0.048)	:- Calling wpgmaps_return_markers for mashup IDs (line 3696)
3.304 (delta 0.06)	:- Calling wpgmaps_return_markers for mashup IDs (line 3696)
3.316 (delta 0.012)	:- Calling wpgmaps_return_markers for mashup IDs (line 3696)
3.327 (delta 0.011)	:- Calling wpgmaps_return_markers for mashup IDs (line 3696)
3.747 (delta 0.42)	:- Calling wpgmza_get_map_data (line 3714)
3.749 (delta 0.002)	:- Processing settings (line 3739)
3.75 (delta 0.001)	:- Calling wpgmza_return_marker_count (line 3752)
3.752 (delta 0.002)	:- Calling wpgmza_get_circle_data (line 3755)
3.754 (delta 0.002)	:- Calling wpgmza_get_rectangle_data (line 3758)
3.756 (delta 0.002)	:- Getting category data (line 3784)
3.756 (delta 0)	:- Calling wpgmza_get_category_localized_data (line 3790)
3.758 (delta 0.002)	:- Calling loadScripts (line 3844)
6.237 (delta 2.479)	:- Enqueuing and localizing data (line 3848)
6.249 (delta 0.012)	:- Firing wpgooglemaps_hook_user_js_after_core (line 3871)
6.259 (delta 0.01)	:- Calling wpgmza_apply_setting_overrides (line 3903)
6.267 (delta 0.008)	:- Localizing more data (line 3908)
6.285 (delta 0.018)	:- Firing wpgooglemaps_hook_user_js_after_localizedata (line 3935)
6.288 (delta 0.003)	:- Iterating over shortcode array (line 3945)
6.341 (delta 0.053)	:- Iterating over shortcode array (line 4002)
6.4 (delta 0.059)	:- Iterating over shortcode array (line 4067)
6.476 (delta 0.076)	:- Localizing feature options (line 4138)
6.481 (delta 0.005)	:- Looking at marker XML (line 4178)
6.486 (delta 0.005)	:- Localizing strings (line 4208)
